[09-Oct-2021 14:42:03 UTC] PHP Fatal error:  Uncaught Error: Call to undefined function blogAuthor() in /Users/sal/Local Sites/coffee-university/app/public/wp-content/themes/coffee-university-theme  /index.php:9
Stack trace:
#0 /Users/sal/Local Sites/coffee-university/app/public/wp-includes/template-loader.php(106): include()
#1 /Users/sal/Local Sites/coffee-university/app/public/wp-blog-header.php(19): require_once('/Users/sal/Loca...')
#2 /Users/sal/Local Sites/coffee-university/app/public/index.php(17): require('/Users/sal/Loca...')
#3 {main}
  thrown in /Users/sal/Local Sites/coffee-university/app/public/wp-content/themes/coffee-university-theme  /index.php on line 9
[09-Oct-2021 15:25:26 UTC] PHP Parse error:  syntax error, unexpected end of file in /Users/sal/Local Sites/coffee-university/app/public/wp-content/themes/coffee-university-theme  /index.php on line 7
[09-Oct-2021 15:25:27 UTC] PHP Parse error:  syntax error, unexpected end of file in /Users/sal/Local Sites/coffee-university/app/public/wp-content/themes/coffee-university-theme  /index.php on line 7
[09-Oct-2021 16:00:39 UTC] PHP Parse error:  syntax error, unexpected end of file in /Users/sal/Local Sites/coffee-university/app/public/wp-content/themes/coffee-university-theme  /functions.php on line 7
[09-Oct-2021 16:00:40 UTC] PHP Parse error:  syntax error, unexpected end of file in /Users/sal/Local Sites/coffee-university/app/public/wp-content/themes/coffee-university-theme  /functions.php on line 7
[09-Oct-2021 16:16:52 UTC] PHP Parse error:  syntax error, unexpected end of file in /Users/sal/Local Sites/coffee-university/app/public/wp-content/themes/coffee-university-theme  /functions.php on line 8
[09-Oct-2021 16:16:53 UTC] PHP Parse error:  syntax error, unexpected end of file in /Users/sal/Local Sites/coffee-university/app/public/wp-content/themes/coffee-university-theme  /functions.php on line 8
[09-Oct-2021 16:20:44 UTC] PHP Parse error:  syntax error, unexpected end of file in /Users/sal/Local Sites/coffee-university/app/public/wp-content/themes/coffee-university-theme  /functions.php on line 9
[11-Oct-2021 22:54:23 UTC] PHP Fatal error:  Uncaught Error: Call to undefined function //maxcdn.bootstrapcdn.com/font-awesome/4.7.0/css/font-awesome.min.css() in /Users/sal/Local Sites/coffee-university/app/public/wp-content/themes/coffee-university-theme  /functions.php:4
Stack trace:
#0 /Users/sal/Local Sites/coffee-university/app/public/wp-includes/class-wp-hook.php(303): university_files('')
#1 /Users/sal/Local Sites/coffee-university/app/public/wp-includes/class-wp-hook.php(327): WP_Hook->apply_filters(NULL, Array)
#2 /Users/sal/Local Sites/coffee-university/app/public/wp-includes/plugin.php(470): WP_Hook->do_action(Array)
#3 /Users/sal/Local Sites/coffee-university/app/public/wp-includes/script-loader.php(2083): do_action('wp_enqueue_scri...')
#4 /Users/sal/Local Sites/coffee-university/app/public/wp-includes/class-wp-hook.php(303): wp_enqueue_scripts('')
#5 /Users/sal/Local Sites/coffee-university/app/public/wp-includes/class-wp-hook.php(327): WP_Hook->apply_filters(NULL, Array)
#6 /Users/sal/Local Sites/coffee-university/app/public/wp-includes/ in /Users/sal/Local Sites/coffee-university/app/public/wp-content/themes/coffee-university-theme  /functions.php on line 4
[16-Oct-2021 21:55:01 UTC] PHP Parse error:  syntax error, unexpected 'echo' (T_ECHO) in /Users/sal/Local Sites/coffee-university/app/public/wp-content/themes/coffee-university-theme  /page.php on line 7
[16-Oct-2021 21:55:24 UTC] PHP Parse error:  syntax error, unexpected 'echo' (T_ECHO) in /Users/sal/Local Sites/coffee-university/app/public/wp-content/themes/coffee-university-theme  /page.php on line 7
[16-Oct-2021 21:56:05 UTC] PHP Parse error:  syntax error, unexpected 'echo' (T_ECHO) in /Users/sal/Local Sites/coffee-university/app/public/wp-content/themes/coffee-university-theme  /page.php on line 7
[16-Oct-2021 21:56:13 UTC] PHP Parse error:  syntax error, unexpected 'echo' (T_ECHO) in /Users/sal/Local Sites/coffee-university/app/public/wp-content/themes/coffee-university-theme  /page.php on line 7
[16-Oct-2021 21:57:39 UTC] PHP Parse error:  syntax error, unexpected 'echo' (T_ECHO) in /Users/sal/Local Sites/coffee-university/app/public/wp-content/themes/coffee-university-theme  /page.php on line 7
[16-Oct-2021 21:57:40 UTC] PHP Parse error:  syntax error, unexpected 'echo' (T_ECHO) in /Users/sal/Local Sites/coffee-university/app/public/wp-content/themes/coffee-university-theme  /page.php on line 7
[16-Oct-2021 21:57:47 UTC] PHP Parse error:  syntax error, unexpected '?>', expecting ')' in /Users/sal/Local Sites/coffee-university/app/public/wp-content/themes/coffee-university-theme  /page.php on line 7
[16-Oct-2021 21:57:49 UTC] PHP Parse error:  syntax error, unexpected '?>', expecting ')' in /Users/sal/Local Sites/coffee-university/app/public/wp-content/themes/coffee-university-theme  /page.php on line 7
[16-Oct-2021 21:58:17 UTC] PHP Parse error:  syntax error, unexpected '?>', expecting ')' in /Users/sal/Local Sites/coffee-university/app/public/wp-content/themes/coffee-university-theme  /page.php on line 7
[16-Oct-2021 21:58:20 UTC] PHP Parse error:  syntax error, unexpected '?>', expecting ')' in /Users/sal/Local Sites/coffee-university/app/public/wp-content/themes/coffee-university-theme  /page.php on line 7
[16-Oct-2021 22:21:37 UTC] PHP Parse error:  syntax error, unexpected '}', expecting ',' or ';' in /Users/sal/Local Sites/coffee-university/app/public/wp-content/themes/coffee-university-theme  /page.php on line 22
[16-Oct-2021 22:28:34 UTC] PHP Fatal error:  Uncaught ArgumentCountError: Too few arguments to function wp_get_post_parent_id(), 0 passed in /Users/sal/Local Sites/coffee-university/app/public/wp-content/themes/coffee-university-theme  /page.php on line 19 and exactly 1 expected in /Users/sal/Local Sites/coffee-university/app/public/wp-includes/post.php:7434
Stack trace:
#0 /Users/sal/Local Sites/coffee-university/app/public/wp-content/themes/coffee-university-theme  /page.php(19): wp_get_post_parent_id()
#1 /Users/sal/Local Sites/coffee-university/app/public/wp-includes/template-loader.php(106): include('/Users/sal/Loca...')
#2 /Users/sal/Local Sites/coffee-university/app/public/wp-blog-header.php(19): require_once('/Users/sal/Loca...')
#3 /Users/sal/Local Sites/coffee-university/app/public/index.php(17): require('/Users/sal/Loca...')
#4 {main}
  thrown in /Users/sal/Local Sites/coffee-university/app/public/wp-includes/post.php on line 7434
[16-Oct-2021 22:29:06 UTC] PHP Fatal error:  Uncaught ArgumentCountError: Too few arguments to function wp_get_post_parent_id(), 0 passed in /Users/sal/Local Sites/coffee-university/app/public/wp-content/themes/coffee-university-theme  /page.php on line 19 and exactly 1 expected in /Users/sal/Local Sites/coffee-university/app/public/wp-includes/post.php:7434
Stack trace:
#0 /Users/sal/Local Sites/coffee-university/app/public/wp-content/themes/coffee-university-theme  /page.php(19): wp_get_post_parent_id()
#1 /Users/sal/Local Sites/coffee-university/app/public/wp-includes/template-loader.php(106): include('/Users/sal/Loca...')
#2 /Users/sal/Local Sites/coffee-university/app/public/wp-blog-header.php(19): require_once('/Users/sal/Loca...')
#3 /Users/sal/Local Sites/coffee-university/app/public/index.php(17): require('/Users/sal/Loca...')
#4 {main}
  thrown in /Users/sal/Local Sites/coffee-university/app/public/wp-includes/post.php on line 7434
[16-Oct-2021 22:29:39 UTC] PHP Fatal error:  Uncaught ArgumentCountError: Too few arguments to function wp_get_post_parent_id(), 0 passed in /Users/sal/Local Sites/coffee-university/app/public/wp-content/themes/coffee-university-theme  /page.php on line 19 and exactly 1 expected in /Users/sal/Local Sites/coffee-university/app/public/wp-includes/post.php:7434
Stack trace:
#0 /Users/sal/Local Sites/coffee-university/app/public/wp-content/themes/coffee-university-theme  /page.php(19): wp_get_post_parent_id()
#1 /Users/sal/Local Sites/coffee-university/app/public/wp-includes/template-loader.php(106): include('/Users/sal/Loca...')
#2 /Users/sal/Local Sites/coffee-university/app/public/wp-blog-header.php(19): require_once('/Users/sal/Loca...')
#3 /Users/sal/Local Sites/coffee-university/app/public/index.php(17): require('/Users/sal/Loca...')
#4 {main}
  thrown in /Users/sal/Local Sites/coffee-university/app/public/wp-includes/post.php on line 7434
[16-Oct-2021 22:29:42 UTC] PHP Fatal error:  Uncaught ArgumentCountError: Too few arguments to function wp_get_post_parent_id(), 0 passed in /Users/sal/Local Sites/coffee-university/app/public/wp-content/themes/coffee-university-theme  /page.php on line 19 and exactly 1 expected in /Users/sal/Local Sites/coffee-university/app/public/wp-includes/post.php:7434
Stack trace:
#0 /Users/sal/Local Sites/coffee-university/app/public/wp-content/themes/coffee-university-theme  /page.php(19): wp_get_post_parent_id()
#1 /Users/sal/Local Sites/coffee-university/app/public/wp-includes/template-loader.php(106): include('/Users/sal/Loca...')
#2 /Users/sal/Local Sites/coffee-university/app/public/wp-blog-header.php(19): require_once('/Users/sal/Loca...')
#3 /Users/sal/Local Sites/coffee-university/app/public/index.php(17): require('/Users/sal/Loca...')
#4 {main}
  thrown in /Users/sal/Local Sites/coffee-university/app/public/wp-includes/post.php on line 7434
[16-Oct-2021 22:36:32 UTC] PHP Parse error:  syntax error, unexpected '}', expecting ',' or ';' in /Users/sal/Local Sites/coffee-university/app/public/wp-content/themes/coffee-university-theme  /page.php on line 22
[16-Oct-2021 22:37:32 UTC] PHP Parse error:  syntax error, unexpected '}', expecting ',' or ';' in /Users/sal/Local Sites/coffee-university/app/public/wp-content/themes/coffee-university-theme  /page.php on line 22
[16-Oct-2021 22:38:30 UTC] PHP Parse error:  syntax error, unexpected end of file in /Users/sal/Local Sites/coffee-university/app/public/wp-content/themes/coffee-university-theme  /page.php on line 50
[16-Oct-2021 22:52:29 UTC] PHP Warning:  Use of undefined constant x - assumed 'x' (this will throw an Error in a future version of PHP) in /Users/sal/Local Sites/coffee-university/app/public/wp-content/themes/coffee-university-theme  /page.php on line 26
[16-Oct-2021 22:52:29 UTC] PHP Stack trace:
[16-Oct-2021 22:52:29 UTC] PHP   1. {main}() /Users/sal/Local Sites/coffee-university/app/public/index.php:0
[16-Oct-2021 22:52:29 UTC] PHP   2. require() /Users/sal/Local Sites/coffee-university/app/public/index.php:17
[16-Oct-2021 22:52:29 UTC] PHP   3. require_once() /Users/sal/Local Sites/coffee-university/app/public/wp-blog-header.php:19
[16-Oct-2021 22:52:29 UTC] PHP   4. include() /Users/sal/Local Sites/coffee-university/app/public/wp-includes/template-loader.php:106
[16-Oct-2021 22:52:29 UTC] PHP Warning:  Use of undefined constant theParent - assumed 'theParent' (this will throw an Error in a future version of PHP) in /Users/sal/Local Sites/coffee-university/app/public/wp-content/themes/coffee-university-theme  /page.php on line 28
[16-Oct-2021 22:52:29 UTC] PHP Stack trace:
[16-Oct-2021 22:52:29 UTC] PHP   1. {main}() /Users/sal/Local Sites/coffee-university/app/public/index.php:0
[16-Oct-2021 22:52:29 UTC] PHP   2. require() /Users/sal/Local Sites/coffee-university/app/public/index.php:17
[16-Oct-2021 22:52:29 UTC] PHP   3. require_once() /Users/sal/Local Sites/coffee-university/app/public/wp-blog-header.php:19
[16-Oct-2021 22:52:29 UTC] PHP   4. include() /Users/sal/Local Sites/coffee-university/app/public/wp-includes/template-loader.php:106
[16-Oct-2021 22:52:29 UTC] PHP Warning:  Use of undefined constant theParent - assumed 'theParent' (this will throw an Error in a future version of PHP) in /Users/sal/Local Sites/coffee-university/app/public/wp-content/themes/coffee-university-theme  /page.php on line 28
[16-Oct-2021 22:52:29 UTC] PHP Stack trace:
[16-Oct-2021 22:52:29 UTC] PHP   1. {main}() /Users/sal/Local Sites/coffee-university/app/public/index.php:0
[16-Oct-2021 22:52:29 UTC] PHP   2. require() /Users/sal/Local Sites/coffee-university/app/public/index.php:17
[16-Oct-2021 22:52:29 UTC] PHP   3. require_once() /Users/sal/Local Sites/coffee-university/app/public/wp-blog-header.php:19
[16-Oct-2021 22:52:29 UTC] PHP   4. include() /Users/sal/Local Sites/coffee-university/app/public/wp-includes/template-loader.php:106
[18-Oct-2021 23:35:46 UTC] PHP Parse error:  syntax error, unexpected '=', expecting ')' in /Users/sal/Local Sites/coffee-university/app/public/wp-content/themes/coffee-university-theme  /page.php on line 39
[18-Oct-2021 23:36:12 UTC] PHP Parse error:  syntax error, unexpected ';', expecting ')' in /Users/sal/Local Sites/coffee-university/app/public/wp-content/themes/coffee-university-theme  /page.php on line 39
[18-Oct-2021 23:36:52 UTC] PHP Parse error:  syntax error, unexpected ';', expecting ')' in /Users/sal/Local Sites/coffee-university/app/public/wp-content/themes/coffee-university-theme  /page.php on line 39
[18-Oct-2021 23:36:55 UTC] PHP Parse error:  syntax error, unexpected ';', expecting ')' in /Users/sal/Local Sites/coffee-university/app/public/wp-content/themes/coffee-university-theme  /page.php on line 39
