[18-Jul-2021 08:22:17] NOTICE: fpm is running, pid 2259
[18-Jul-2021 08:22:17] NOTICE: ready to handle connections
[18-Jul-2021 08:23:05] NOTICE: Terminating ...
[18-Jul-2021 08:23:05] NOTICE: Terminating ...
[18-Jul-2021 08:23:05] NOTICE: exiting, bye-bye!
[18-Jul-2021 08:23:17] NOTICE: fpm is running, pid 2447
[18-Jul-2021 08:23:17] NOTICE: ready to handle connections
[18-Jul-2021 14:45:00] NOTICE: Terminating ...
[18-Jul-2021 14:45:00] NOTICE: Terminating ...
[18-Jul-2021 14:45:00] NOTICE: exiting, bye-bye!
[07-Oct-2021 21:04:58] NOTICE: fpm is running, pid 4789
[07-Oct-2021 21:04:58] NOTICE: ready to handle connections
[07-Oct-2021 21:05:06] NOTICE: Terminating ...
[07-Oct-2021 21:05:06] NOTICE: exiting, bye-bye!
[07-Oct-2021 21:09:54] NOTICE: fpm is running, pid 4843
[07-Oct-2021 21:09:54] NOTICE: ready to handle connections
[07-Oct-2021 21:12:27] NOTICE: Terminating ...
[07-Oct-2021 21:12:27] NOTICE: Terminating ...
[07-Oct-2021 21:12:27] NOTICE: exiting, bye-bye!
[07-Oct-2021 21:30:03] NOTICE: fpm is running, pid 5179
[07-Oct-2021 21:30:03] NOTICE: ready to handle connections
[07-Oct-2021 21:45:23] NOTICE: Terminating ...
[07-Oct-2021 21:45:23] NOTICE: Terminating ...
[07-Oct-2021 21:45:23] NOTICE: exiting, bye-bye!
[09-Oct-2021 09:58:44] NOTICE: fpm is running, pid 5654
[09-Oct-2021 09:58:44] NOTICE: ready to handle connections
[12-Oct-2021 19:38:37] NOTICE: Terminating ...
[12-Oct-2021 19:38:37] NOTICE: exiting, bye-bye!
[16-Oct-2021 17:32:51] NOTICE: fpm is running, pid 4691
[16-Oct-2021 17:32:51] NOTICE: ready to handle connections
[17-Oct-2021 09:56:39] NOTICE: Terminating ...
[17-Oct-2021 09:56:39] NOTICE: Terminating ...
[17-Oct-2021 09:56:39] NOTICE: exiting, bye-bye!
[18-Oct-2021 19:00:30] NOTICE: fpm is running, pid 8964
[18-Oct-2021 19:00:30] NOTICE: ready to handle connections
[18-Oct-2021 20:44:13] NOTICE: Terminating ...
[18-Oct-2021 20:44:13] NOTICE: Terminating ...
[18-Oct-2021 20:44:13] NOTICE: exiting, bye-bye!
